<?xml version="1.0" encoding="UTF-8"?>
<testng-results skipped="0" failed="0" total="1" passed="1">
  <reporter-output>
    <line>
      <![CDATA[PASS: Expected page actiTIME - Login is displayed]]>
    </line>
    <line>
      <![CDATA[PASS: Expected page actiTIME - Enter Time-Track is displayed]]>
    </line>
  </reporter-output>
  <suite name="Suite" duration-ms="25060" started-at="2018-02-19T05:24:47Z" finished-at="2018-02-19T05:25:12Z">
    <groups>
    </groups>
    <test name="Test" duration-ms="25060" started-at="2018-02-19T05:24:47Z" finished-at="2018-02-19T05:25:12Z">
      <class name="script.ValidLogin">
        <test-method status="PASS" signature="openApplication()[pri:0, instance:script.ValidLogin@239963d8]" name="openApplication" is-config="true" duration-ms="15496" started-at="2018-02-19T10:54:47Z" finished-at="2018-02-19T10:55:03Z">
          <reporter-output>
          </reporter-output>
        </test-method> <!-- openApplication -->
        <test-method status="PASS" signature="testValidLogin()[pri:0, instance:script.ValidLogin@239963d8]" name="testValidLogin" duration-ms="8623" started-at="2018-02-19T10:55:03Z" finished-at="2018-02-19T10:55:11Z">
          <reporter-output>
            <line>
              <![CDATA[PASS: Expected page actiTIME - Login is displayed]]>
            </line>
            <line>
              <![CDATA[PASS: Expected page actiTIME - Enter Time-Track is displayed]]>
            </line>
          </reporter-output>
        </test-method> <!-- testValidLogin -->
        <test-method status="PASS" signature="closeApplication(org.testng.ITestResult)[pri:0, instance:script.ValidLogin@239963d8]" name="closeApplication" is-config="true" duration-ms="803" started-at="2018-02-19T10:55:11Z" finished-at="2018-02-19T10:55:12Z">
          <params>
            <param index="0">
              <value>
                <![CDATA[[TestResult name=testValidLogin status=SUCCESS method=ValidLogin.testValidLogin()[pri:0, instance:script.ValidLogin@239963d8] output=PASS: Expected page actiTIME - Login is displayed]]]>
              </value>
            </param>
          </params>
          <reporter-output>
          </reporter-output>
        </test-method> <!-- closeApplication -->
      </class> <!-- script.ValidLogin -->
    </test> <!-- Test -->
  </suite> <!-- Suite -->
</testng-results>
